2020-12-13 14:57:40.777  INFO 15604 --- [restartedMain] b.c.PropertySourceBootstrapConfiguration : Located property source: [BootstrapPropertySource {name='bootstrapProperties-gateway-web.yml'}]
2020-12-13 14:57:40.811  INFO 15604 --- [restartedMain] c.w.t.gateway.GatewayAdminApplication    : No active profile set, falling back to default profiles: default
2020-12-13 14:57:41.747  INFO 15604 --- [restartedMain] o.s.cloud.context.scope.GenericScope     : BeanFactory id=eabe040d-b09d-385d-85a1-c6bd0c679f55
2020-12-13 14:57:41.912  INFO 15604 --- [restartedMain] faultConfiguringBeanFactoryPostProcessor : No bean named 'errorChannel' has been explicitly defined. Therefore, a default PublishSubscribeChannel will be created.
2020-12-13 14:57:41.917  INFO 15604 --- [restartedMain] faultConfiguringBeanFactoryPostProcessor : No bean named 'taskScheduler' has been explicitly defined. Therefore, a default ThreadPoolTaskScheduler will be created.
2020-12-13 14:57:41.920  INFO 15604 --- [restartedMain] faultConfiguringBeanFactoryPostProcessor : No bean named 'integrationHeaderChannelRegistry' has been explicitly defined. Therefore, a default DefaultHeaderChannelRegistry will be created.
2020-12-13 14:57:41.983  INFO 15604 --- [restartedMain] trationDelegate$BeanPostProcessorChecker : Bean 'com.alicp.jetcache.anno.config.JetCacheProxyConfiguration' of type [com.alicp.jetcache.anno.config.JetCacheProxyConfiguration$$EnhancerBySpringCGLIB$$ad4e03c9] is not eligible for getting processed by all BeanPostProcessors (for example: not eligible for auto-proxying)
2020-12-13 14:57:42.090  INFO 15604 --- [restartedMain] trationDelegate$BeanPostProcessorChecker : Bean 'com.alicp.jetcache.anno.config.CommonConfiguration' of type [com.alicp.jetcache.anno.config.CommonConfiguration$$EnhancerBySpringCGLIB$$2c544941] is not eligible for getting processed by all BeanPostProcessors (for example: not eligible for auto-proxying)
2020-12-13 14:57:42.101  INFO 15604 --- [restartedMain] trationDelegate$BeanPostProcessorChecker : Bean 'org.springframework.transaction.annotation.ProxyTransactionManagementConfiguration' of type [org.springframework.transaction.annotation.ProxyTransactionManagementConfiguration] is not eligible for getting processed by all BeanPostProcessors (for example: not eligible for auto-proxying)
2020-12-13 14:57:42.222  INFO 15604 --- [restartedMain] trationDelegate$BeanPostProcessorChecker : Bean 'org.springframework.cloud.stream.binder.rabbit.config.ExtendedBindingHandlerMappingsProviderConfiguration' of type [org.springframework.cloud.stream.binder.rabbit.config.ExtendedBindingHandlerMappingsProviderConfiguration$$EnhancerBySpringCGLIB$$96c62acb] is not eligible for getting processed by all BeanPostProcessors (for example: not eligible for auto-proxying)
2020-12-13 14:57:42.225  INFO 15604 --- [restartedMain] trationDelegate$BeanPostProcessorChecker : Bean 'rabbitExtendedPropertiesDefaultMappingsProvider' of type [org.springframework.cloud.stream.binder.rabbit.config.ExtendedBindingHandlerMappingsProviderConfiguration$$Lambda$307/1125426233] is not eligible for getting processed by all BeanPostProcessors (for example: not eligible for auto-proxying)
2020-12-13 14:57:42.230  INFO 15604 --- [restartedMain] trationDelegate$BeanPostProcessorChecker : Bean 'BindingHandlerAdvise' of type [org.springframework.cloud.stream.config.BindingHandlerAdvise] is not eligible for getting processed by all BeanPostProcessors (for example: not eligible for auto-proxying)
2020-12-13 14:57:42.239  INFO 15604 --- [restartedMain] trationDelegate$BeanPostProcessorChecker : Bean 'spelConverter' of type [org.springframework.cloud.stream.config.SpelExpressionConverterConfiguration$SpelConverter] is not eligible for getting processed by all BeanPostProcessors (for example: not eligible for auto-proxying)
2020-12-13 14:57:42.291  INFO 15604 --- [restartedMain] trationDelegate$BeanPostProcessorChecker : Bean 'spring.cloud.sentinel-com.alibaba.cloud.sentinel.SentinelProperties' of type [com.alibaba.cloud.sentinel.SentinelProperties] is not eligible for getting processed by all BeanPostProcessors (for example: not eligible for auto-proxying)
2020-12-13 14:57:42.337  INFO 15604 --- [restartedMain] trationDelegate$BeanPostProcessorChecker : Bean 'com.alibaba.cloud.sentinel.custom.SentinelAutoConfiguration' of type [com.alibaba.cloud.sentinel.custom.SentinelAutoConfiguration$$EnhancerBySpringCGLIB$$c48dae8f] is not eligible for getting processed by all BeanPostProcessors (for example: not eligible for auto-proxying)
2020-12-13 14:57:42.343  INFO 15604 --- [restartedMain] trationDelegate$BeanPostProcessorChecker : Bean 'org.springframework.integration.config.IntegrationManagementConfiguration' of type [org.springframework.integration.config.IntegrationManagementConfiguration] is not eligible for getting processed by all BeanPostProcessors (for example: not eligible for auto-proxying)
2020-12-13 14:57:42.352  INFO 15604 --- [restartedMain] trationDelegate$BeanPostProcessorChecker : Bean 'integrationChannelResolver' of type [org.springframework.integration.support.channel.BeanFactoryChannelResolver] is not eligible for getting processed by all BeanPostProcessors (for example: not eligible for auto-proxying)
2020-12-13 14:57:42.354  INFO 15604 --- [restartedMain] trationDelegate$BeanPostProcessorChecker : Bean 'integrationDisposableAutoCreatedBeans' of type [org.springframework.integration.config.annotation.Disposables] is not eligible for getting processed by all BeanPostProcessors (for example: not eligible for auto-proxying)
2020-12-13 14:57:42.777  INFO 15604 --- [restartedMain] o.s.b.w.embedded.tomcat.TomcatWebServer  : Tomcat initialized with port(s): 10071 (http)
2020-12-13 14:57:42.786  INFO 15604 --- [restartedMain] o.apache.catalina.core.StandardService   : Starting service [Tomcat]
2020-12-13 14:57:42.786  INFO 15604 --- [restartedMain] org.apache.catalina.core.StandardEngine  : Starting Servlet engine: [Apache Tomcat/9.0.29]
2020-12-13 14:57:42.884  INFO 15604 --- [restartedMain] o.a.c.c.C.[Tomcat].[localhost].[/]       : Initializing Spring embedded WebApplicationContext
2020-12-13 14:57:42.884  INFO 15604 --- [restartedMain] o.s.web.context.ContextLoader            : Root WebApplicationContext: initialization completed in 2055 ms
2020-12-13 14:57:42.898  INFO 15604 --- [restartedMain] c.a.c.s.SentinelWebAutoConfiguration     : [Sentinel Starter] register Sentinel CommonFilter with urlPatterns: [/*].
2020-12-13 14:57:42.975  INFO 15604 --- [restartedMain] c.a.j.a.AbstractCacheAutoInit            : init cache area default , type= redis.lettuce
2020-12-13 14:57:43.228  INFO 15604 --- [restartedMain] io.lettuce.core.EpollProvider            : Starting without optional epoll library
2020-12-13 14:57:43.229  INFO 15604 --- [restartedMain] io.lettuce.core.KqueueProvider           : Starting without optional kqueue library
2020-12-13 14:57:43.615  INFO 15604 --- [restartedMain] c.a.j.support.DefaultMetricsManager      : cache stat period at 15 MINUTES
2020-12-13 14:57:43.619  INFO 15604 --- [restartedMain] c.a.j.a.AbstractCacheAutoInit            : init cache area default , type= caffeine
2020-12-13 14:57:43.672  INFO 15604 --- [restartedMain] c.a.d.s.b.a.DruidDataSourceAutoConfigure : Init DruidDataSource
2020-12-13 14:57:44.483  INFO 15604 --- [restartedMain] com.alibaba.druid.pool.DruidDataSource   : {dataSource-1} inited
2020-12-13 14:57:45.311  INFO 15604 --- [restartedMain] c.w.t.g.s.impl.GatewayRouteService       : 全局初使化网关路由成功!
2020-12-13 14:57:45.585  INFO 15604 --- [restartedMain] c.wenge.tbase.gateway.config.BusConfig   : queue name:event-gateway
2020-12-13 14:57:45.586  INFO 15604 --- [restartedMain] c.wenge.tbase.gateway.config.BusConfig   : exchange:spring-boot-exchange
2020-12-13 14:57:45.589  INFO 15604 --- [restartedMain] c.wenge.tbase.gateway.config.BusConfig   : binding Queue [name=event-gateway, durable=false, autoDelete=false, exclusive=false, arguments={}, actualName=event-gateway] to Exchange [name=spring-boot-exchange, type=topic, durable=true, autoDelete=false, internal=false, arguments={}] with gateway-route
2020-12-13 14:57:45.606  INFO 15604 --- [restartedMain] pertySourcedRequestMappingHandlerMapping : Mapped URL path [/v2/api-docs] onto method [springfox.documentation.swagger2.web.Swagger2Controller#getDocumentation(String, HttpServletRequest)]
2020-12-13 14:57:45.622  WARN 15604 --- [restartedMain] c.n.c.sources.URLConfigurationSource     : No URLs will be polled as dynamic configuration sources.
2020-12-13 14:57:45.623  INFO 15604 --- [restartedMain] c.n.c.sources.URLConfigurationSource     : To enable URLs as dynamic configuration sources, define System property archaius.configurationSource.additionalUrls or make config.properties available on classpath.
2020-12-13 14:57:45.627  WARN 15604 --- [restartedMain] c.n.c.sources.URLConfigurationSource     : No URLs will be polled as dynamic configuration sources.
2020-12-13 14:57:45.627  INFO 15604 --- [restartedMain] c.n.c.sources.URLConfigurationSource     : To enable URLs as dynamic configuration sources, define System property archaius.configurationSource.additionalUrls or make config.properties available on classpath.
2020-12-13 14:57:45.713  INFO 15604 --- [restartedMain] o.s.s.concurrent.ThreadPoolTaskExecutor  : Initializing ExecutorService 'applicationTaskExecutor'
2020-12-13 14:57:45.740  INFO 15604 --- [restartedMain] o.s.b.d.a.OptionalLiveReloadServer       : LiveReload server is running on port 35729
2020-12-13 14:57:45.998  INFO 15604 --- [restartedMain] com.alibaba.nacos.client.naming          : initializer namespace from System Property :null
2020-12-13 14:57:45.998  INFO 15604 --- [restartedMain] com.alibaba.nacos.client.naming          : initializer namespace from System Environment :null
2020-12-13 14:57:45.999  INFO 15604 --- [restartedMain] com.alibaba.nacos.client.naming          : initializer namespace from System Property :null
2020-12-13 14:57:46.017  INFO 15604 --- [restartedMain] o.s.s.c.ThreadPoolTaskScheduler          : Initializing ExecutorService
2020-12-13 14:57:46.635  INFO 15604 --- [restartedMain] o.s.s.c.ThreadPoolTaskScheduler          : Initializing ExecutorService 'taskScheduler'
2020-12-13 14:57:46.732  INFO 15604 --- [restartedMain] o.s.c.s.m.DirectWithAttributesChannel    : Channel 'gateway-web-1.springCloudBusInput' has 1 subscriber(s).
2020-12-13 14:57:46.735  INFO 15604 --- [restartedMain] o.s.i.endpoint.EventDrivenConsumer       : Adding {logging-channel-adapter:_org.springframework.integration.errorLogger} as a subscriber to the 'errorChannel' channel
2020-12-13 14:57:46.735  INFO 15604 --- [restartedMain] o.s.i.channel.PublishSubscribeChannel    : Channel 'gateway-web-1.errorChannel' has 1 subscriber(s).
2020-12-13 14:57:46.735  INFO 15604 --- [restartedMain] o.s.i.endpoint.EventDrivenConsumer       : started bean '_org.springframework.integration.errorLogger'
2020-12-13 14:57:47.191  INFO 15604 --- [restartedMain] b.c.PropertySourceBootstrapConfiguration : Located property source: [BootstrapPropertySource {name='bootstrapProperties-gateway-web.yml'}]
2020-12-13 14:57:47.266  INFO 15604 --- [restartedMain] c.a.n.client.config.impl.ClientWorker    : [fixed-172.16.0.6_30000] [subscribe] gateway-web.yml+DEFAULT_GROUP
2020-12-13 14:57:47.267  INFO 15604 --- [restartedMain] c.a.nacos.client.config.impl.CacheData   : [fixed-172.16.0.6_30000] [add-listener] ok, tenant=, dataId=gateway-web.yml, group=DEFAULT_GROUP, cnt=1
2020-12-13 14:57:47.310  INFO 15604 --- [restartedMain] o.s.a.r.c.CachingConnectionFactory       : Attempting to connect to: [172.16.0.13:31352]
2020-12-13 14:57:47.807  INFO 15604 --- [restartedMain] o.s.a.r.c.CachingConnectionFactory       : Created new connection: rabbitConnectionFactory#375db732:0/SimpleConnection@6fe9d9c6 [delegate=amqp://user@172.16.0.13:31352/, localPort= 54966]
2020-12-13 14:57:47.810  INFO 15604 --- [restartedMain] o.s.amqp.rabbit.core.RabbitAdmin         : Auto-declaring a non-durable, auto-delete, or exclusive Queue (event-gateway) durable:false, auto-delete:false, exclusive:false. It will be redeclared if the broker stops and is restarted while the connection factory is alive, but all messages will be lost.
2020-12-13 14:57:48.088  INFO 15604 --- [restartedMain] o.s.c.s.m.DirectWithAttributesChannel    : Channel 'gateway-web-1.springCloudBusOutput' has 1 subscriber(s).
2020-12-13 14:57:48.111  INFO 15604 --- [restartedMain] c.s.b.r.p.RabbitExchangeQueueProvisioner : declaring queue for inbound: springCloudBus.anonymous.qdDhnmAbQtiVRTXMGWd9Lg, bound to: springCloudBus
2020-12-13 14:57:48.350  INFO 15604 --- [restartedMain] o.s.c.stream.binder.BinderErrorChannel   : Channel 'springCloudBus.anonymous.qdDhnmAbQtiVRTXMGWd9Lg.errors' has 1 subscriber(s).
2020-12-13 14:57:48.350  INFO 15604 --- [restartedMain] o.s.c.stream.binder.BinderErrorChannel   : Channel 'springCloudBus.anonymous.qdDhnmAbQtiVRTXMGWd9Lg.errors' has 2 subscriber(s).
2020-12-13 14:57:48.507  INFO 15604 --- [restartedMain] o.s.i.a.i.AmqpInboundChannelAdapter      : started bean 'inbound.springCloudBus.anonymous.qdDhnmAbQtiVRTXMGWd9Lg'
2020-12-13 14:57:48.511  INFO 15604 --- [restartedMain] d.s.w.p.DocumentationPluginsBootstrapper : Context refreshed
2020-12-13 14:57:48.550  INFO 15604 --- [restartedMain] d.s.w.p.DocumentationPluginsBootstrapper : Found 1 custom documentation plugin(s)
2020-12-13 14:57:48.576  INFO 15604 --- [restartedMain] s.d.s.w.s.ApiListingReferenceScanner     : Scanning for api listing references
2020-12-13 14:57:48.753  INFO 15604 --- [restartedMain] o.s.b.w.embedded.tomcat.TomcatWebServer  : Tomcat started on port(s): 10071 (http) with context path ''
2020-12-13 14:57:48.757  INFO 15604 --- [restartedMain] com.alibaba.nacos.client.naming          : [BEAT] adding beat: {"cluster":"DEFAULT","ip":"192.168.1.95","metadata":{"preserved.register.source":"SPRING_CLOUD"},"period":5000,"port":10071,"scheduled":false,"serviceName":"DEFAULT_GROUP@@gateway-web","stopped":false,"weight":1.0} to beat map.
2020-12-13 14:57:48.828  INFO 15604 --- [restartedMain] com.alibaba.nacos.client.naming          : [REGISTER-SERVICE] public registering service DEFAULT_GROUP@@gateway-web with instance: {"clusterName":"DEFAULT","enabled":true,"ephemeral":true,"healthy":true,"instanceHeartBeatInterval":5000,"instanceHeartBeatTimeOut":15000,"ip":"192.168.1.95","ipDeleteTimeout":30000,"metadata":{"preserved.register.source":"SPRING_CLOUD"},"port":10071,"weight":1.0}
2020-12-13 14:57:49.098  INFO 15604 --- [restartedMain] c.a.c.n.registry.NacosServiceRegistry    : nacos registry, gateway-web 192.168.1.95:10071 register finished
2020-12-13 14:57:49.261  INFO 15604 --- [restartedMain] c.w.t.gateway.GatewayAdminApplication    : Started GatewayAdminApplication in 9.965 seconds (JVM running for 10.41)
2020-12-13 14:57:49.262  INFO 15604 --- [restartedMain] c.w.t.gateway.GatewayAdminApplication    :                                                                                                              
                                                                                                                    
                                                                                                                    
                                                                                                                    
                                                                                                                    
                                                                                                                    
wwwwwww           wwwww           wwwwwww eeeeeeeeeeee    nnnn  nnnnnnnn       ggggggggg   ggggg    eeeeeeeeeeee    
 w:::::w         w:::::w         w:::::wee::::::::::::ee  n:::nn::::::::nn    g:::::::::ggg::::g  ee::::::::::::ee  
  w:::::w       w:::::::w       w:::::we::::::eeeee:::::een::::::::::::::nn  g:::::::::::::::::g e::::::eeeee:::::ee
   w:::::w     w:::::::::w     w:::::we::::::e     e:::::enn:::::::::::::::ng::::::ggggg::::::gge::::::e     e:::::e
    w:::::w   w:::::w:::::w   w:::::w e:::::::eeeee::::::e  n:::::nnnn:::::ng:::::g     g:::::g e:::::::eeeee::::::e
     w:::::w w:::::w w:::::w w:::::w  e:::::::::::::::::e   n::::n    n::::ng:::::g     g:::::g e:::::::::::::::::e 
      w:::::w:::::w   w:::::w:::::w   e::::::eeeeeeeeeee    n::::n    n::::ng:::::g     g	:::::g e::::::eeeeeeeeeee  
       w:::::::::w     w:::::::::w    e:::::::e             n::::n    n::::ng::::::g    g:::::g e:::::::e           
        w:::::::w       w:::::::w     e::::::::e            n::::n    n::::ng:::::::ggggg:::::g e::::::::e          
         w:::::w         w:::::w       e::::::::eeeeeeee    n::::n    n::::n g::::::::::::::::g  e::::::::eeeeeeee  
          w:::w           w:::w         ee:::::::::::::e    n::::n    n::::n  gg::::::::::::::g   ee:::::::::::::e  
           www             www            eeeeeeeeeeeeee    nnnnnn    nnnnnn    gggggggg::::::g     eeeeeeeeeeeeee  
                                                                                        g:::::g                     
                                                                            gggggg      g:::::g                     
                                                                            g:::::gg   gg:::::g                     
                                                                             g::::::ggg:::::::g                     
                                                                              gg:::::::::::::g                      
                                                                                ggg::::::ggg                        
                                                                                   gggggg                           
