2020-12-13 14:38:33.209  INFO 17764 --- [restartedMain] b.c.PropertySourceBootstrapConfiguration : Located property source: [BootstrapPropertySource {name='bootstrapProperties-gateway-core.yml'}]
2020-12-13 14:38:33.246  INFO 17764 --- [restartedMain] c.w.tbase.gateway.GatewayApplication     : No active profile set, falling back to default profiles: default
2020-12-13 14:38:34.102  INFO 17764 --- [restartedMain] .s.d.r.c.RepositoryConfigurationDelegate : Multiple Spring Data modules found, entering strict repository configuration mode!
2020-12-13 14:38:34.104  INFO 17764 --- [restartedMain] .s.d.r.c.RepositoryConfigurationDelegate : Bootstrapping Spring Data Redis repositories in DEFAULT mode.
2020-12-13 14:38:34.126  INFO 17764 --- [restartedMain] .s.d.r.c.RepositoryConfigurationDelegate : Finished Spring Data repository scanning in 12ms. Found 0 Redis repository interfaces.
2020-12-13 14:38:34.329  INFO 17764 --- [restartedMain] o.s.cloud.context.scope.GenericScope     : BeanFactory id=206bac1a-6c07-3b92-aef1-11cb5a8bcc8d
2020-12-13 14:38:34.474  INFO 17764 --- [restartedMain] faultConfiguringBeanFactoryPostProcessor : No bean named 'errorChannel' has been explicitly defined. Therefore, a default PublishSubscribeChannel will be created.
2020-12-13 14:38:34.478  INFO 17764 --- [restartedMain] faultConfiguringBeanFactoryPostProcessor : No bean named 'taskScheduler' has been explicitly defined. Therefore, a default ThreadPoolTaskScheduler will be created.
2020-12-13 14:38:34.482  INFO 17764 --- [restartedMain] faultConfiguringBeanFactoryPostProcessor : No bean named 'integrationHeaderChannelRegistry' has been explicitly defined. Therefore, a default DefaultHeaderChannelRegistry will be created.
2020-12-13 14:38:34.558  INFO 17764 --- [restartedMain] trationDelegate$BeanPostProcessorChecker : Bean 'com.alicp.jetcache.anno.config.JetCacheProxyConfiguration' of type [com.alicp.jetcache.anno.config.JetCacheProxyConfiguration$$EnhancerBySpringCGLIB$$339e1412] is not eligible for getting processed by all BeanPostProcessors (for example: not eligible for auto-proxying)
2020-12-13 14:38:34.671  INFO 17764 --- [restartedMain] trationDelegate$BeanPostProcessorChecker : Bean 'com.alicp.jetcache.anno.config.CommonConfiguration' of type [com.alicp.jetcache.anno.config.CommonConfiguration$$EnhancerBySpringCGLIB$$b2a4598a] is not eligible for getting processed by all BeanPostProcessors (for example: not eligible for auto-proxying)
2020-12-13 14:38:34.700  INFO 17764 --- [restartedMain] trationDelegate$BeanPostProcessorChecker : Bean 'org.springframework.cloud.stream.binder.rabbit.config.ExtendedBindingHandlerMappingsProviderConfiguration' of type [org.springframework.cloud.stream.binder.rabbit.config.ExtendedBindingHandlerMappingsProviderConfiguration$$EnhancerBySpringCGLIB$$1d163b14] is not eligible for getting processed by all BeanPostProcessors (for example: not eligible for auto-proxying)
2020-12-13 14:38:34.703  INFO 17764 --- [restartedMain] trationDelegate$BeanPostProcessorChecker : Bean 'rabbitExtendedPropertiesDefaultMappingsProvider' of type [org.springframework.cloud.stream.binder.rabbit.config.ExtendedBindingHandlerMappingsProviderConfiguration$$Lambda$310/714427103] is not eligible for getting processed by all BeanPostProcessors (for example: not eligible for auto-proxying)
2020-12-13 14:38:34.708  INFO 17764 --- [restartedMain] trationDelegate$BeanPostProcessorChecker : Bean 'BindingHandlerAdvise' of type [org.springframework.cloud.stream.config.BindingHandlerAdvise] is not eligible for getting processed by all BeanPostProcessors (for example: not eligible for auto-proxying)
2020-12-13 14:38:34.716  INFO 17764 --- [restartedMain] trationDelegate$BeanPostProcessorChecker : Bean 'spelConverter' of type [org.springframework.cloud.stream.config.SpelExpressionConverterConfiguration$SpelConverter] is not eligible for getting processed by all BeanPostProcessors (for example: not eligible for auto-proxying)
2020-12-13 14:38:34.769  INFO 17764 --- [restartedMain] trationDelegate$BeanPostProcessorChecker : Bean 'spring.cloud.sentinel-com.alibaba.cloud.sentinel.SentinelProperties' of type [com.alibaba.cloud.sentinel.SentinelProperties] is not eligible for getting processed by all BeanPostProcessors (for example: not eligible for auto-proxying)
2020-12-13 14:38:34.813  INFO 17764 --- [restartedMain] trationDelegate$BeanPostProcessorChecker : Bean 'com.alibaba.cloud.sentinel.custom.SentinelAutoConfiguration' of type [com.alibaba.cloud.sentinel.custom.SentinelAutoConfiguration$$EnhancerBySpringCGLIB$$4addbed8] is not eligible for getting processed by all BeanPostProcessors (for example: not eligible for auto-proxying)
2020-12-13 14:38:34.819  INFO 17764 --- [restartedMain] trationDelegate$BeanPostProcessorChecker : Bean 'org.springframework.integration.config.IntegrationManagementConfiguration' of type [org.springframework.integration.config.IntegrationManagementConfiguration] is not eligible for getting processed by all BeanPostProcessors (for example: not eligible for auto-proxying)
2020-12-13 14:38:34.829  INFO 17764 --- [restartedMain] trationDelegate$BeanPostProcessorChecker : Bean 'integrationChannelResolver' of type [org.springframework.integration.support.channel.BeanFactoryChannelResolver] is not eligible for getting processed by all BeanPostProcessors (for example: not eligible for auto-proxying)
2020-12-13 14:38:34.831  INFO 17764 --- [restartedMain] trationDelegate$BeanPostProcessorChecker : Bean 'integrationDisposableAutoCreatedBeans' of type [org.springframework.integration.config.annotation.Disposables] is not eligible for getting processed by all BeanPostProcessors (for example: not eligible for auto-proxying)
2020-12-13 14:38:34.845  INFO 17764 --- [restartedMain] trationDelegate$BeanPostProcessorChecker : Bean 'org.springframework.cloud.client.loadbalancer.reactive.LoadBalancerBeanPostProcessorAutoConfiguration' of type [org.springframework.cloud.client.loadbalancer.reactive.LoadBalancerBeanPostProcessorAutoConfiguration] is not eligible for getting processed by all BeanPostProcessors (for example: not eligible for auto-proxying)
2020-12-13 14:38:34.846  INFO 17764 --- [restartedMain] trationDelegate$BeanPostProcessorChecker : Bean 'org.springframework.cloud.client.loadbalancer.reactive.LoadBalancerBeanPostProcessorAutoConfiguration$ReactiveLoadBalancerConfig' of type [org.springframework.cloud.client.loadbalancer.reactive.LoadBalancerBeanPostProcessorAutoConfiguration$ReactiveLoadBalancerConfig] is not eligible for getting processed by all BeanPostProcessors (for example: not eligible for auto-proxying)
2020-12-13 14:38:34.848  INFO 17764 --- [restartedMain] trationDelegate$BeanPostProcessorChecker : Bean 'deferringLoadBalancerExchangeFilterFunction' of type [org.springframework.cloud.client.loadbalancer.reactive.DeferringLoadBalancerExchangeFilterFunction] is not eligible for getting processed by all BeanPostProcessors (for example: not eligible for auto-proxying)
2020-12-13 14:38:34.985  INFO 17764 --- [restartedMain] c.a.j.a.AbstractCacheAutoInit            : init cache area default , type= redis.lettuce
2020-12-13 14:38:35.273  INFO 17764 --- [restartedMain] io.lettuce.core.EpollProvider            : Starting without optional epoll library
2020-12-13 14:38:35.275  INFO 17764 --- [restartedMain] io.lettuce.core.KqueueProvider           : Starting without optional kqueue library
2020-12-13 14:38:35.653  INFO 17764 --- [restartedMain] c.a.j.support.DefaultMetricsManager      : cache stat period at 1 MINUTES
2020-12-13 14:38:35.656  INFO 17764 --- [restartedMain] c.a.j.a.AbstractCacheAutoInit            : init cache area default , type= caffeine
2020-12-13 14:38:35.795  INFO 17764 --- [restartedMain] c.w.t.gateway.service.impl.RouteService  : loadRouteDefinition, 开始初使化路由
2020-12-13 14:38:36.069  INFO 17764 --- [restartedMain] c.w.t.gateway.service.impl.RouteService  : 预计初使化路由, gatewayKeys：[gateway_routes::nacos, gateway_routes::gateway, gateway_routes::cicd, gateway_routes::harbor, gateway_routes::k8s, gateway_routes::test1]
2020-12-13 14:38:36.237  INFO 17764 --- [restartedMain] c.w.t.gateway.service.impl.RouteService  : gatewayKeys：{k8s=RouteDefinition{id='k8s', predicates=[PredicateDefinition{name='Path', args={pattern=/k8s/**}}], filters=[FilterDefinition{name='StripPrefix', args={parts=1}}], uri=http://172.16.0.9:10020, order=0, metadata={}}, harbor=RouteDefinition{id='harbor', predicates=[PredicateDefinition{name='Path', args={pattern=/harbor/**}}], filters=[FilterDefinition{name='StripPrefix', args={parts=1}}], uri=http://172.16.0.9:10030, order=0, metadata={}}, cicd=RouteDefinition{id='cicd', predicates=[PredicateDefinition{name='Path', args={pattern=/cicd/**}}], filters=[FilterDefinition{name='StripPrefix', args={parts=1}}], uri=lb://tbase-cicd-service, order=0, metadata={}}, test1=RouteDefinition{id='test1', predicates=[PredicateDefinition{name='Path', args={pattern=/baidu/**}}], filters=[FilterDefinition{name='StripPrefix', args={parts=1}}], uri=http://www.baidu.com, order=0, metadata={}}, gateway=RouteDefinition{id='gateway', predicates=[PredicateDefinition{name='Path', args={pattern=/gateway/**}}], filters=[FilterDefinition{name='StripPrefix', args={parts=1}}], uri=lb://gateway-web, order=0, metadata={}}, nacos=RouteDefinition{id='nacos', predicates=[PredicateDefinition{name='Path', args={pattern=/nacos/**}}], filters=[FilterDefinition{name='StripPrefix', args={parts=1}}], uri=http://172.16.0.9:10062, order=0, metadata={}}}
2020-12-13 14:38:36.238  INFO 17764 --- [restartedMain] c.w.t.gateway.service.impl.RouteService  : 共初使化路由信息：6
2020-12-13 14:38:36.380  INFO 17764 --- [restartedMain] c.wenge.tbase.gateway.config.BusConfig   : queue name:gateway-core.NyTHxR9ZSfmQPNZl7zSEYg
2020-12-13 14:38:36.382  INFO 17764 --- [restartedMain] c.wenge.tbase.gateway.config.BusConfig   : exchange:spring-boot-exchange
2020-12-13 14:38:36.385  INFO 17764 --- [restartedMain] c.wenge.tbase.gateway.config.BusConfig   : binding Queue [name=gateway-core.NyTHxR9ZSfmQPNZl7zSEYg, durable=false, autoDelete=false, exclusive=false, arguments={}, actualName=gateway-core.NyTHxR9ZSfmQPNZl7zSEYg] to Exchange [name=spring-boot-exchange, type=topic, durable=true, autoDelete=false, internal=false, arguments={}] with gateway-route
2020-12-13 14:38:36.437  INFO 17764 --- [restartedMain] c.wenge.tbase.gateway.config.BusConfig   : new listener
2020-12-13 14:38:36.443  INFO 17764 --- [restartedMain] c.wenge.tbase.gateway.config.BusConfig   : init simpleMessageListenerContainer: gateway-core.NyTHxR9ZSfmQPNZl7zSEYg
2020-12-13 14:38:36.510  WARN 17764 --- [restartedMain] c.n.c.sources.URLConfigurationSource     : No URLs will be polled as dynamic configuration sources.
2020-12-13 14:38:36.510  INFO 17764 --- [restartedMain] c.n.c.sources.URLConfigurationSource     : To enable URLs as dynamic configuration sources, define System property archaius.configurationSource.additionalUrls or make config.properties available on classpath.
2020-12-13 14:38:36.516  WARN 17764 --- [restartedMain] c.n.c.sources.URLConfigurationSource     : No URLs will be polled as dynamic configuration sources.
2020-12-13 14:38:36.517  INFO 17764 --- [restartedMain] c.n.c.sources.URLConfigurationSource     : To enable URLs as dynamic configuration sources, define System property archaius.configurationSource.additionalUrls or make config.properties available on classpath.
2020-12-13 14:38:37.134  INFO 17764 --- [restartedMain] o.s.c.g.r.RouteDefinitionRouteLocator    : Loaded RoutePredicateFactory [After]
2020-12-13 14:38:37.135  INFO 17764 --- [restartedMain] o.s.c.g.r.RouteDefinitionRouteLocator    : Loaded RoutePredicateFactory [Before]
2020-12-13 14:38:37.135  INFO 17764 --- [restartedMain] o.s.c.g.r.RouteDefinitionRouteLocator    : Loaded RoutePredicateFactory [Between]
2020-12-13 14:38:37.135  INFO 17764 --- [restartedMain] o.s.c.g.r.RouteDefinitionRouteLocator    : Loaded RoutePredicateFactory [Cookie]
2020-12-13 14:38:37.135  INFO 17764 --- [restartedMain] o.s.c.g.r.RouteDefinitionRouteLocator    : Loaded RoutePredicateFactory [Header]
2020-12-13 14:38:37.135  INFO 17764 --- [restartedMain] o.s.c.g.r.RouteDefinitionRouteLocator    : Loaded RoutePredicateFactory [Host]
2020-12-13 14:38:37.135  INFO 17764 --- [restartedMain] o.s.c.g.r.RouteDefinitionRouteLocator    : Loaded RoutePredicateFactory [Method]
2020-12-13 14:38:37.135  INFO 17764 --- [restartedMain] o.s.c.g.r.RouteDefinitionRouteLocator    : Loaded RoutePredicateFactory [Path]
2020-12-13 14:38:37.135  INFO 17764 --- [restartedMain] o.s.c.g.r.RouteDefinitionRouteLocator    : Loaded RoutePredicateFactory [Query]
2020-12-13 14:38:37.135  INFO 17764 --- [restartedMain] o.s.c.g.r.RouteDefinitionRouteLocator    : Loaded RoutePredicateFactory [ReadBodyPredicateFactory]
2020-12-13 14:38:37.135  INFO 17764 --- [restartedMain] o.s.c.g.r.RouteDefinitionRouteLocator    : Loaded RoutePredicateFactory [RemoteAddr]
2020-12-13 14:38:37.135  INFO 17764 --- [restartedMain] o.s.c.g.r.RouteDefinitionRouteLocator    : Loaded RoutePredicateFactory [Weight]
2020-12-13 14:38:37.135  INFO 17764 --- [restartedMain] o.s.c.g.r.RouteDefinitionRouteLocator    : Loaded RoutePredicateFactory [CloudFoundryRouteService]
2020-12-13 14:38:37.260  INFO 17764 --- [restartedMain] c.a.c.s.SentinelWebFluxAutoConfiguration : [Sentinel Starter] register Sentinel SentinelWebFluxFilter
2020-12-13 14:38:37.284  INFO 17764 --- [restartedMain] com.alibaba.nacos.client.naming          : initializer namespace from System Property :null
2020-12-13 14:38:37.284  INFO 17764 --- [restartedMain] com.alibaba.nacos.client.naming          : initializer namespace from System Environment :null
2020-12-13 14:38:37.284  INFO 17764 --- [restartedMain] com.alibaba.nacos.client.naming          : initializer namespace from System Property :null
2020-12-13 14:38:37.301  INFO 17764 --- [restartedMain] o.s.s.c.ThreadPoolTaskScheduler          : Initializing ExecutorService
2020-12-13 14:38:37.514  INFO 17764 --- [restartedMain] o.s.b.d.a.OptionalLiveReloadServer       : LiveReload server is running on port 35729
2020-12-13 14:38:38.251  INFO 17764 --- [restartedMain] o.s.s.c.ThreadPoolTaskScheduler          : Initializing ExecutorService 'taskScheduler'
2020-12-13 14:38:38.335  INFO 17764 --- [restartedMain] o.s.c.s.m.DirectWithAttributesChannel    : Channel 'gateway-core-1.springCloudBusInput' has 1 subscriber(s).
2020-12-13 14:38:38.337  INFO 17764 --- [restartedMain] o.s.i.endpoint.EventDrivenConsumer       : Adding {logging-channel-adapter:_org.springframework.integration.errorLogger} as a subscriber to the 'errorChannel' channel
2020-12-13 14:38:38.337  INFO 17764 --- [restartedMain] o.s.i.channel.PublishSubscribeChannel    : Channel 'gateway-core-1.errorChannel' has 1 subscriber(s).
2020-12-13 14:38:38.338  INFO 17764 --- [restartedMain] o.s.i.endpoint.EventDrivenConsumer       : started bean '_org.springframework.integration.errorLogger'
2020-12-13 14:38:38.794  INFO 17764 --- [restartedMain] b.c.PropertySourceBootstrapConfiguration : Located property source: [BootstrapPropertySource {name='bootstrapProperties-gateway-core.yml'}]
2020-12-13 14:38:38.892  INFO 17764 --- [restartedMain] c.a.n.client.config.impl.ClientWorker    : [fixed-172.16.0.6_30000] [subscribe] gateway-core.yml+DEFAULT_GROUP
2020-12-13 14:38:38.893  INFO 17764 --- [restartedMain] c.a.nacos.client.config.impl.CacheData   : [fixed-172.16.0.6_30000] [add-listener] ok, tenant=, dataId=gateway-core.yml, group=DEFAULT_GROUP, cnt=1
2020-12-13 14:38:38.924  INFO 17764 --- [restartedMain] o.s.a.r.c.CachingConnectionFactory       : Attempting to connect to: [172.16.0.13:31352]
2020-12-13 14:38:39.524  INFO 17764 --- [restartedMain] o.s.a.r.c.CachingConnectionFactory       : Created new connection: rabbitConnectionFactory#74df6cdb:0/SimpleConnection@9b43c2 [delegate=amqp://user@172.16.0.13:31352/, localPort= 53319]
2020-12-13 14:38:39.528  INFO 17764 --- [restartedMain] o.s.amqp.rabbit.core.RabbitAdmin         : Auto-declaring a non-durable, auto-delete, or exclusive Queue (gateway-core.NyTHxR9ZSfmQPNZl7zSEYg) durable:false, auto-delete:false, exclusive:false. It will be redeclared if the broker stops and is restarted while the connection factory is alive, but all messages will be lost.
2020-12-13 14:38:39.794  INFO 17764 --- [restartedMain] o.s.c.s.m.DirectWithAttributesChannel    : Channel 'gateway-core-1.springCloudBusOutput' has 1 subscriber(s).
2020-12-13 14:38:39.808  INFO 17764 --- [restartedMain] c.s.b.r.p.RabbitExchangeQueueProvisioner : declaring queue for inbound: springCloudBus.anonymous.Bt-FklsUQKC7iCPPRVm6AQ, bound to: springCloudBus
2020-12-13 14:38:39.954  INFO 17764 --- [restartedMain] o.s.c.stream.binder.BinderErrorChannel   : Channel 'springCloudBus.anonymous.Bt-FklsUQKC7iCPPRVm6AQ.errors' has 1 subscriber(s).
2020-12-13 14:38:39.955  INFO 17764 --- [restartedMain] o.s.c.stream.binder.BinderErrorChannel   : Channel 'springCloudBus.anonymous.Bt-FklsUQKC7iCPPRVm6AQ.errors' has 2 subscriber(s).
2020-12-13 14:38:40.107  INFO 17764 --- [restartedMain] o.s.i.a.i.AmqpInboundChannelAdapter      : started bean 'inbound.springCloudBus.anonymous.Bt-FklsUQKC7iCPPRVm6AQ'
2020-12-13 14:38:40.378  INFO 17764 --- [restartedMain] o.s.b.web.embedded.netty.NettyWebServer  : Netty started on port(s): 10070
2020-12-13 14:38:40.541  INFO 17764 --- [restartedMain] com.alibaba.nacos.client.naming          : [BEAT] adding beat: {"cluster":"DEFAULT","ip":"192.168.1.95","metadata":{"preserved.register.source":"SPRING_CLOUD"},"period":5000,"port":10070,"scheduled":false,"serviceName":"DEFAULT_GROUP@@gateway-core","stopped":false,"weight":1.0} to beat map.
2020-12-13 14:38:40.608  INFO 17764 --- [restartedMain] com.alibaba.nacos.client.naming          : [REGISTER-SERVICE] public registering service DEFAULT_GROUP@@gateway-core with instance: {"clusterName":"DEFAULT","enabled":true,"ephemeral":true,"healthy":true,"instanceHeartBeatInterval":5000,"instanceHeartBeatTimeOut":15000,"ip":"192.168.1.95","ipDeleteTimeout":30000,"metadata":{"preserved.register.source":"SPRING_CLOUD"},"port":10070,"weight":1.0}
2020-12-13 14:38:40.839  INFO 17764 --- [restartedMain] c.a.c.n.registry.NacosServiceRegistry    : nacos registry, gateway-core 192.168.1.95:10070 register finished
2020-12-13 14:38:41.005  INFO 17764 --- [restartedMain] c.w.tbase.gateway.GatewayApplication     : Started GatewayApplication in 9.355 seconds (JVM running for 9.815)
2020-12-13 14:38:41.006  INFO 17764 --- [restartedMain] c.w.tbase.gateway.GatewayApplication     :                                                                                                              
                                                                                                                    
                                                                                                                    
                                                                                                                    
                                                                                                                    
                                                                                                                    
wwwwwww           wwwww           wwwwwww eeeeeeeeeeee    nnnn  nnnnnnnn       ggggggggg   ggggg    eeeeeeeeeeee    
 w:::::w         w:::::w         w:::::wee::::::::::::ee  n:::nn::::::::nn    g:::::::::ggg::::g  ee::::::::::::ee  
  w:::::w       w:::::::w       w:::::we::::::eeeee:::::een::::::::::::::nn  g:::::::::::::::::g e::::::eeeee:::::ee
   w:::::w     w:::::::::w     w:::::we::::::e     e:::::enn:::::::::::::::ng::::::ggggg::::::gge::::::e     e:::::e
    w:::::w   w:::::w:::::w   w:::::w e:::::::eeeee::::::e  n:::::nnnn:::::ng:::::g     g:::::g e:::::::eeeee::::::e
     w:::::w w:::::w w:::::w w:::::w  e:::::::::::::::::e   n::::n    n::::ng:::::g     g:::::g e:::::::::::::::::e 
      w:::::w:::::w   w:::::w:::::w   e::::::eeeeeeeeeee    n::::n    n::::ng:::::g     g	:::::g e::::::eeeeeeeeeee  
       w:::::::::w     w:::::::::w    e:::::::e             n::::n    n::::ng::::::g    g:::::g e:::::::e           
        w:::::::w       w:::::::w     e::::::::e            n::::n    n::::ng:::::::ggggg:::::g e::::::::e          
         w:::::w         w:::::w       e::::::::eeeeeeee    n::::n    n::::n g::::::::::::::::g  e::::::::eeeeeeee  
          w:::w           w:::w         ee:::::::::::::e    n::::n    n::::n  gg::::::::::::::g   ee:::::::::::::e  
           www             www            eeeeeeeeeeeeee    nnnnnn    nnnnnn    gggggggg::::::g     eeeeeeeeeeeeee  
                                                                                        g:::::g                     
                                                                            gggggg      g:::::g                     
                                                                            g:::::gg   gg:::::g                     
                                                                             g::::::ggg:::::::g                     
                                                                              gg:::::::::::::g                      
                                                                                ggg::::::ggg                        
                                                                                   gggggg                           
